<?xml version="1.0" encoding="UTF-8"?>
<!-- Generated by org.testng.reporters.JUnitReportReporter -->
<testsuite hostname="Muthu_Raj" failures="0" tests="15" name="tests.TC_002_SignUpFunctionality" time="121.765" errors="0" timestamp="2025-04-13T19:06:10 IST" skipped="0">
  <testcase classname="tests.TC_002_SignUpFunctionality" name="testSignUp" time="12.511"/>
  <testcase classname="tests.TC_002_SignUpFunctionality" name="testSignUp" time="5.813"/>
  <testcase classname="tests.TC_002_SignUpFunctionality" name="testSignUp" time="12.291"/>
  <testcase classname="tests.TC_002_SignUpFunctionality" name="testSignUp" time="5.068"/>
  <testcase classname="tests.TC_002_SignUpFunctionality" name="testSignUp" time="5.584"/>
  <testcase classname="tests.TC_002_SignUpFunctionality" name="testSignUp" time="6.216"/>
  <testcase classname="tests.TC_002_SignUpFunctionality" name="testSignUp" time="6.113"/>
  <testcase classname="tests.TC_002_SignUpFunctionality" name="testSignUp" time="6.490"/>
  <testcase classname="tests.TC_002_SignUpFunctionality" name="testSignUp" time="6.785"/>
  <testcase classname="tests.TC_002_SignUpFunctionality" name="testSignUp" time="5.619"/>
  <testcase classname="tests.TC_002_SignUpFunctionality" name="testSignUp" time="12.738"/>
  <testcase classname="tests.TC_002_SignUpFunctionality" name="testSignUp" time="13.462"/>
  <testcase classname="tests.TC_002_SignUpFunctionality" name="testSignUp" time="5.086"/>
  <testcase classname="tests.TC_002_SignUpFunctionality" name="testSignUp" time="5.588"/>
  <testcase classname="tests.TC_002_SignUpFunctionality" name="testSignUp" time="12.401"/>
</testsuite> <!-- tests.TC_002_SignUpFunctionality -->
