<?xml version="1.0" encoding="UTF-8"?>
<!-- Generated by org.testng.reporters.JUnitReportReporter -->
<testsuite hostname="Muthu_Raj" failures="0" tests="3" name="tests.TC_012_DeleteContactButton" time="31.562" errors="0" timestamp="2025-04-13T19:06:10 IST" skipped="0">
  <testcase classname="tests.TC_012_DeleteContactButton" name="testDeleteContact" time="8.863"/>
  <testcase classname="tests.TC_012_DeleteContactButton" name="testDeleteContact" time="9.731"/>
  <testcase classname="tests.TC_012_DeleteContactButton" name="testDeleteContact" time="12.968"/>
</testsuite> <!-- tests.TC_012_DeleteContactButton -->
