<?xml version="1.0" encoding="UTF-8"?>
<!-- Generated by org.testng.reporters.JUnitReportReporter -->
<testsuite hostname="Muthu_Raj" failures="0" tests="6" name="tests.TC_003_LoginButtonVisibility" time="37.534" errors="0" timestamp="2025-04-13T19:06:10 IST" skipped="0">
  <testcase classname="tests.TC_003_LoginButtonVisibility" name="testLoginSubmitButtonIsVisible" time="10.802"/>
  <testcase classname="tests.TC_003_LoginButtonVisibility" name="testLoginSubmitButtonIsVisible" time="4.979"/>
  <testcase classname="tests.TC_003_LoginButtonVisibility" name="testLoginSubmitButtonIsVisible" time="3.583"/>
  <testcase classname="tests.TC_003_LoginButtonVisibility" name="testLoginSubmitButtonIsClickable" time="3.175"/>
  <testcase classname="tests.TC_003_LoginButtonVisibility" name="testLoginSubmitButtonIsClickable" time="10.611"/>
  <testcase classname="tests.TC_003_LoginButtonVisibility" name="testLoginSubmitButtonIsClickable" time="4.384"/>
</testsuite> <!-- tests.TC_003_LoginButtonVisibility -->
