<?xml version="1.0" encoding="UTF-8"?>
<!-- Generated by org.testng.reporters.JUnitReportReporter -->
<testsuite hostname="Muthu_Raj" failures="0" tests="15" name="tests.TC_004_LoginFunctionality" time="110.069" errors="0" timestamp="2025-04-13T19:06:10 IST" skipped="0">
  <testcase classname="tests.TC_004_LoginFunctionality" name="testLogin" time="5.660"/>
  <testcase classname="tests.TC_004_LoginFunctionality" name="testLogin" time="10.608"/>
  <testcase classname="tests.TC_004_LoginFunctionality" name="testLogin" time="4.786"/>
  <testcase classname="tests.TC_004_LoginFunctionality" name="testLogin" time="11.297"/>
  <testcase classname="tests.TC_004_LoginFunctionality" name="testLogin" time="5.330"/>
  <testcase classname="tests.TC_004_LoginFunctionality" name="testLogin" time="11.311"/>
  <testcase classname="tests.TC_004_LoginFunctionality" name="testLogin" time="4.164"/>
  <testcase classname="tests.TC_004_LoginFunctionality" name="testLogin" time="4.684"/>
  <testcase classname="tests.TC_004_LoginFunctionality" name="testLogin" time="11.356"/>
  <testcase classname="tests.TC_004_LoginFunctionality" name="testLogin" time="4.081"/>
  <testcase classname="tests.TC_004_LoginFunctionality" name="testLogin" time="11.337"/>
  <testcase classname="tests.TC_004_LoginFunctionality" name="testLogin" time="5.669"/>
  <testcase classname="tests.TC_004_LoginFunctionality" name="testLogin" time="4.300"/>
  <testcase classname="tests.TC_004_LoginFunctionality" name="testLogin" time="4.809"/>
  <testcase classname="tests.TC_004_LoginFunctionality" name="testLogin" time="10.677"/>
</testsuite> <!-- tests.TC_004_LoginFunctionality -->
