<?xml version="1.0" encoding="UTF-8"?>
<!-- Generated by org.testng.reporters.JUnitReportReporter -->
<testsuite hostname="Muthu_Raj" failures="0" tests="3" name="tests.TC_014_LogoutButtonVisibility" time="21.246" errors="0" timestamp="2025-04-13T19:06:10 IST" skipped="0">
  <testcase classname="tests.TC_014_LogoutButtonVisibility" name="testLogoutButtonIsVisible" time="5.572"/>
  <testcase classname="tests.TC_014_LogoutButtonVisibility" name="testLogoutButtonIsVisible" time="6.477"/>
  <testcase classname="tests.TC_014_LogoutButtonVisibility" name="testLogoutButtonIsVisible" time="9.197"/>
</testsuite> <!-- tests.TC_014_LogoutButtonVisibility -->
