<?xml version="1.0" encoding="UTF-8"?>
<!-- Generated by org.testng.reporters.JUnitReportReporter -->
<testsuite hostname="Muthu_Raj" failures="0" tests="6" name="tests.TC_001_SignUpButtonVisibility" time="35.307" errors="0" timestamp="2025-04-13T19:06:10 IST" skipped="0">
  <testcase classname="tests.TC_001_SignUpButtonVisibility" name="testSignupButtonIsVisible" time="10.505"/>
  <testcase classname="tests.TC_001_SignUpButtonVisibility" name="testSignupButtonIsVisible" time="4.426"/>
  <testcase classname="tests.TC_001_SignUpButtonVisibility" name="testSignupButtonIsVisible" time="2.870"/>
  <testcase classname="tests.TC_001_SignUpButtonVisibility" name="testSignupButtonIsClickable" time="10.216"/>
  <testcase classname="tests.TC_001_SignUpButtonVisibility" name="testSignupButtonIsClickable" time="4.333"/>
  <testcase classname="tests.TC_001_SignUpButtonVisibility" name="testSignupButtonIsClickable" time="2.957"/>
</testsuite> <!-- tests.TC_001_SignUpButtonVisibility -->
