<?xml version="1.0" encoding="UTF-8"?>
<!-- Generated by org.testng.reporters.JUnitReportReporter -->
<testsuite hostname="Muthu_Raj" failures="0" tests="6" name="tests.TC_005_AddNewContactButton" time="47.773" errors="0" timestamp="2025-04-13T19:06:10 IST" skipped="0">
  <testcase classname="tests.TC_005_AddNewContactButton" name="testAddContactButtonIsVisible" time="4.872"/>
  <testcase classname="tests.TC_005_AddNewContactButton" name="testAddContactButtonIsVisible" time="13.069"/>
  <testcase classname="tests.TC_005_AddNewContactButton" name="testAddContactButtonIsVisible" time="5.869"/>
  <testcase classname="tests.TC_005_AddNewContactButton" name="testAddContactButtonIsClickable" time="5.290"/>
  <testcase classname="tests.TC_005_AddNewContactButton" name="testAddContactButtonIsClickable" time="9.529"/>
  <testcase classname="tests.TC_005_AddNewContactButton" name="testAddContactButtonIsClickable" time="9.144"/>
</testsuite> <!-- tests.TC_005_AddNewContactButton -->
