<?xml version="1.0" encoding="UTF-8"?>
<!-- Generated by org.testng.reporters.JUnitReportReporter -->
<testsuite hostname="Muthu_Raj" failures="0" tests="3" name="tests.TC_010_ContactClicking" time="27.195" errors="0" timestamp="2025-04-13T19:06:10 IST" skipped="0">
  <testcase classname="tests.TC_010_ContactClicking" name="testAddContactCancelButton" time="13.051"/>
  <testcase classname="tests.TC_010_ContactClicking" name="testAddContactCancelButton" time="8.690"/>
  <testcase classname="tests.TC_010_ContactClicking" name="testAddContactCancelButton" time="5.454"/>
</testsuite> <!-- tests.TC_010_ContactClicking -->
